2024-08-02 13:56:43,972 - INFO - Found 80 endpoints in the markdown file.
2024-08-02 13:56:43,974 - INFO - Saved endpoint to endpoints_output\###_get__applications_.md
2024-08-02 13:56:43,974 - INFO - Saved endpoint to endpoints_output\###_post__applications_.md
2024-08-02 13:56:43,985 - INFO - Saved endpoint to endpoints_output\###_get__applications_externalidexternalid.md
2024-08-02 13:56:43,986 - INFO - Saved endpoint to endpoints_output\###_get__applications_id.md
2024-08-02 13:56:43,986 - INFO - Saved endpoint to endpoints_output\###_put__applications_id.md
2024-08-02 13:56:43,986 - INFO - Saved endpoint to endpoints_output\###_post__applications_id_delete.md
2024-08-02 13:56:43,987 - INFO - Saved endpoint to endpoints_output\###_post__applications_id_statuschange_statusid.md
2024-08-02 13:56:43,987 - INFO - Saved endpoint to endpoints_output\###_post__applications_id_jobopeningmove_jobopeningid.md
2024-08-02 13:56:43,987 - INFO - Saved endpoint to endpoints_output\###_get__applications_id_attachments.md
2024-08-02 13:56:43,987 - INFO - Saved endpoint to endpoints_output\###_post__applications_id_attachments.md
2024-08-02 13:56:43,988 - INFO - Saved endpoint to endpoints_output\###_get__applications_id_attachments_attachmentid.md
2024-08-02 13:56:43,988 - INFO - Saved endpoint to endpoints_output\###_get__applications_id_attachments_attachmentid_pdf.md
2024-08-02 13:56:43,988 - INFO - Saved endpoint to endpoints_output\###_post__applications_id_attachments_attachmentid_delete.md
2024-08-02 13:56:43,988 - INFO - Saved endpoint to endpoints_output\###_get__applications_id_history.md
2024-08-02 13:56:43,989 - INFO - Saved endpoint to endpoints_output\###_put__applications_id_history.md
2024-08-02 13:56:43,989 - INFO - Saved endpoint to endpoints_output\###_put__applications_id_history_externalid.md
2024-08-02 13:56:43,989 - INFO - Saved endpoint to endpoints_output\###_get__configuration_type_externallinks.md
2024-08-02 13:56:43,989 - INFO - Saved endpoint to endpoints_output\###_put__configuration_type_externallinks.md
2024-08-02 13:56:43,990 - INFO - Saved endpoint to endpoints_output\###_get__hiringrequests_.md
2024-08-02 13:56:43,990 - INFO - Saved endpoint to endpoints_output\###_post__hiringrequests_.md
2024-08-02 13:56:43,990 - INFO - Saved endpoint to endpoints_output\###_get__hiringrequests_externalidexternalid.md
2024-08-02 13:56:43,991 - INFO - Saved endpoint to endpoints_output\###_get__hiringrequests_id.md
2024-08-02 13:56:43,991 - INFO - Saved endpoint to endpoints_output\###_put__hiringrequests_id.md
2024-08-02 13:56:43,991 - INFO - Saved endpoint to endpoints_output\###_get__hiringrequests_id_history.md
2024-08-02 13:56:43,991 - INFO - Saved endpoint to endpoints_output\###_get__hiringrequests_id_approvers.md
2024-08-02 13:56:43,991 - INFO - Saved endpoint to endpoints_output\###_get__jobopenings_.md
2024-08-02 13:56:43,992 - INFO - Saved endpoint to endpoints_output\###_post__jobopenings_.md
2024-08-02 13:56:43,992 - INFO - Saved endpoint to endpoints_output\###_get__jobopenings_externalidexternalid.md
2024-08-02 13:56:43,992 - INFO - Saved endpoint to endpoints_output\###_get__jobopenings_id.md
2024-08-02 13:56:43,993 - INFO - Saved endpoint to endpoints_output\###_put__jobopenings_id.md
2024-08-02 13:56:43,993 - INFO - Saved endpoint to endpoints_output\###_get__jobopenings_id_history.md
2024-08-02 13:56:43,993 - INFO - Saved endpoint to endpoints_output\###_put__jobopenings_id_history.md
2024-08-02 13:56:43,993 - INFO - Saved endpoint to endpoints_output\###_put__jobopenings_id_history_externalid.md
2024-08-02 13:56:43,994 - INFO - Saved endpoint to endpoints_output\###_get__jobpublications_.md
2024-08-02 13:56:43,994 - INFO - Saved endpoint to endpoints_output\###_post__jobpublications_.md
2024-08-02 13:56:43,994 - INFO - Saved endpoint to endpoints_output\###_get__jobpublications_externalidexternalid.md
2024-08-02 13:56:43,994 - INFO - Saved endpoint to endpoints_output\###_get__jobpublications_id.md
2024-08-02 13:56:43,994 - INFO - Saved endpoint to endpoints_output\###_put__jobpublications_id.md
2024-08-02 13:56:43,994 - INFO - Saved endpoint to endpoints_output\###_post__jobpublications_id_delete.md
2024-08-02 13:56:43,996 - INFO - Saved endpoint to endpoints_output\###_get__jobpublicationplacements_partner_id_placements.md
2024-08-02 13:56:43,996 - INFO - Saved endpoint to endpoints_output\###_post__jobpublicationplacements_partner_id_placements.md
2024-08-02 13:56:43,997 - INFO - Saved endpoint to endpoints_output\###_get__jobpublicationplacements_partner_id_placements_externalidexternalid.md
2024-08-02 13:56:43,997 - INFO - Saved endpoint to endpoints_output\###_get__jobpublicationplacements_partner_id_placements_jobpublicationidjobpublicationid.md
2024-08-02 13:56:43,997 - INFO - Saved endpoint to endpoints_output\###_get__jobpublicationplacements_partner_id_placements_id.md
2024-08-02 13:56:43,998 - INFO - Saved endpoint to endpoints_output\###_put__jobpublicationplacements_partner_id_placements_id.md
2024-08-02 13:56:43,998 - INFO - Saved endpoint to endpoints_output\###_post__jobpublicationplacements_partner_id_placements_id_delete.md
2024-08-02 13:56:43,998 - INFO - Saved endpoint to endpoints_output\###_get__jobpublicationchannels_id.md
2024-08-02 13:56:43,998 - INFO - Saved endpoint to endpoints_output\###_put__jobpublicationchannels_id.md
2024-08-02 13:56:43,998 - INFO - Saved endpoint to endpoints_output\###_get__locations_.md
2024-08-02 13:56:43,999 - INFO - Saved endpoint to endpoints_output\###_post__locations_.md
2024-08-02 13:56:43,999 - INFO - Saved endpoint to endpoints_output\###_get__locations_id.md
2024-08-02 13:56:43,999 - INFO - Saved endpoint to endpoints_output\###_put__locations_id.md
2024-08-02 13:56:43,999 - INFO - Saved endpoint to endpoints_output\###_post__locations_id_delete.md
2024-08-02 13:56:44,000 - INFO - Saved endpoint to endpoints_output\###_get__onboardings_.md
2024-08-02 13:56:44,000 - INFO - Saved endpoint to endpoints_output\###_get__onboardings_id.md
2024-08-02 13:56:44,000 - INFO - Saved endpoint to endpoints_output\###_get__onboardings_id_attachments.md
2024-08-02 13:56:44,000 - INFO - Saved endpoint to endpoints_output\###_get__onboardings_id_attachments_attachmentid.md
2024-08-02 13:56:44,001 - INFO - Saved endpoint to endpoints_output\###_get__onboardings_id_attachments_attachmentid_pdf.md
2024-08-02 13:56:44,001 - INFO - Saved endpoint to endpoints_output\###_post__onboardings_id_delete.md
2024-08-02 13:56:44,002 - INFO - Saved endpoint to endpoints_output\###_get__orgunits_.md
2024-08-02 13:56:44,002 - INFO - Saved endpoint to endpoints_output\###_get__orgunits_id.md
2024-08-02 13:56:44,003 - INFO - Saved endpoint to endpoints_output\###_get__persons_.md
2024-08-02 13:56:44,004 - INFO - Saved endpoint to endpoints_output\###_post__persons_.md
2024-08-02 13:56:44,004 - INFO - Saved endpoint to endpoints_output\###_get__persons_externalidexternalid.md
2024-08-02 13:56:44,004 - INFO - Saved endpoint to endpoints_output\###_get__persons_id.md
2024-08-02 13:56:44,004 - INFO - Saved endpoint to endpoints_output\###_put__persons_id.md
2024-08-02 13:56:44,004 - INFO - Saved endpoint to endpoints_output\###_post__persons_id_delete.md
2024-08-02 13:56:44,004 - INFO - Saved endpoint to endpoints_output\###_get__persons_id_photo.md
2024-08-02 13:56:44,004 - INFO - Saved endpoint to endpoints_output\###_post__persons_id_photo.md
2024-08-02 13:56:44,004 - INFO - Saved endpoint to endpoints_output\###_post__persons_id_photo_delete.md
2024-08-02 13:56:44,005 - INFO - Saved endpoint to endpoints_output\###_get__dvinciusers_.md
2024-08-02 13:56:44,005 - INFO - Saved endpoint to endpoints_output\###_post__dvinciusers_.md
2024-08-02 13:56:44,005 - INFO - Saved endpoint to endpoints_output\###_get__dvinciusers_id.md
2024-08-02 13:56:44,005 - INFO - Saved endpoint to endpoints_output\###_put__dvinciusers_id.md
2024-08-02 13:56:44,006 - INFO - Saved endpoint to endpoints_output\###_post__dvinciusers_id_delete.md
2024-08-02 13:56:44,006 - INFO - Saved endpoint to endpoints_output\###_get__usergroups_.md
2024-08-02 13:56:44,006 - INFO - Saved endpoint to endpoints_output\###_post__usergroups_.md
2024-08-02 13:56:44,007 - INFO - Saved endpoint to endpoints_output\###_get__usergroups_id.md
2024-08-02 13:56:44,007 - INFO - Saved endpoint to endpoints_output\###_put__usergroups_id.md
2024-08-02 13:56:44,007 - INFO - Saved endpoint to endpoints_output\###_post__usergroups_id_delete.md
2024-08-02 13:56:44,007 - INFO - All endpoints have been saved successfully.
