2024-08-02 13:58:39,831 - INFO - Found 14 sections in the markdown file.
2024-08-02 13:58:39,832 - INFO - Found 0 endpoints in section table_of_contents.
2024-08-02 13:58:39,833 - INFO - Found 16 endpoints in section applications.
2024-08-02 13:58:39,834 - INFO - Saved endpoint to sections_output\applications\###_get__applications_.md
2024-08-02 13:58:39,834 - INFO - Saved endpoint to sections_output\applications\###_post__applications_.md
2024-08-02 13:58:39,845 - INFO - Saved endpoint to sections_output\applications\###_get__applications_externalidexternalid.md
2024-08-02 13:58:39,845 - INFO - Saved endpoint to sections_output\applications\###_get__applications_id.md
2024-08-02 13:58:39,846 - INFO - Saved endpoint to sections_output\applications\###_put__applications_id.md
2024-08-02 13:58:39,846 - INFO - Saved endpoint to sections_output\applications\###_post__applications_id_delete.md
2024-08-02 13:58:39,847 - INFO - Saved endpoint to sections_output\applications\###_post__applications_id_statuschange_statusid.md
2024-08-02 13:58:39,847 - INFO - Saved endpoint to sections_output\applications\###_post__applications_id_jobopeningmove_jobopeningid.md
2024-08-02 13:58:39,847 - INFO - Saved endpoint to sections_output\applications\###_get__applications_id_attachments.md
2024-08-02 13:58:39,847 - INFO - Saved endpoint to sections_output\applications\###_post__applications_id_attachments.md
2024-08-02 13:58:39,848 - INFO - Saved endpoint to sections_output\applications\###_get__applications_id_attachments_attachmentid.md
2024-08-02 13:58:39,848 - INFO - Saved endpoint to sections_output\applications\###_get__applications_id_attachments_attachmentid_pdf.md
2024-08-02 13:58:39,848 - INFO - Saved endpoint to sections_output\applications\###_post__applications_id_attachments_attachmentid_delete.md
2024-08-02 13:58:39,848 - INFO - Saved endpoint to sections_output\applications\###_get__applications_id_history.md
2024-08-02 13:58:39,849 - INFO - Saved endpoint to sections_output\applications\###_put__applications_id_history.md
2024-08-02 13:58:39,849 - INFO - Saved endpoint to sections_output\applications\###_put__applications_id_history_externalid.md
2024-08-02 13:58:39,849 - INFO - Found 2 endpoints in section configuration.
2024-08-02 13:58:39,850 - INFO - Saved endpoint to sections_output\configuration\###_get__configuration_type_externallinks.md
2024-08-02 13:58:39,850 - INFO - Saved endpoint to sections_output\configuration\###_put__configuration_type_externallinks.md
2024-08-02 13:58:39,851 - INFO - Found 7 endpoints in section hiring_requests.
2024-08-02 13:58:39,851 - INFO - Saved endpoint to sections_output\hiring_requests\###_get__hiringrequests_.md
2024-08-02 13:58:39,852 - INFO - Saved endpoint to sections_output\hiring_requests\###_post__hiringrequests_.md
2024-08-02 13:58:39,852 - INFO - Saved endpoint to sections_output\hiring_requests\###_get__hiringrequests_externalidexternalid.md
2024-08-02 13:58:39,852 - INFO - Saved endpoint to sections_output\hiring_requests\###_get__hiringrequests_id.md
2024-08-02 13:58:39,852 - INFO - Saved endpoint to sections_output\hiring_requests\###_put__hiringrequests_id.md
2024-08-02 13:58:39,853 - INFO - Saved endpoint to sections_output\hiring_requests\###_get__hiringrequests_id_history.md
2024-08-02 13:58:39,853 - INFO - Saved endpoint to sections_output\hiring_requests\###_get__hiringrequests_id_approvers.md
2024-08-02 13:58:39,854 - INFO - Found 8 endpoints in section job_openings.
2024-08-02 13:58:39,854 - INFO - Saved endpoint to sections_output\job_openings\###_get__jobopenings_.md
2024-08-02 13:58:39,854 - INFO - Saved endpoint to sections_output\job_openings\###_post__jobopenings_.md
2024-08-02 13:58:39,855 - INFO - Saved endpoint to sections_output\job_openings\###_get__jobopenings_externalidexternalid.md
2024-08-02 13:58:39,855 - INFO - Saved endpoint to sections_output\job_openings\###_get__jobopenings_id.md
2024-08-02 13:58:39,855 - INFO - Saved endpoint to sections_output\job_openings\###_put__jobopenings_id.md
2024-08-02 13:58:39,855 - INFO - Saved endpoint to sections_output\job_openings\###_get__jobopenings_id_history.md
2024-08-02 13:58:39,856 - INFO - Saved endpoint to sections_output\job_openings\###_put__jobopenings_id_history.md
2024-08-02 13:58:39,856 - INFO - Saved endpoint to sections_output\job_openings\###_put__jobopenings_id_history_externalid.md
2024-08-02 13:58:39,857 - INFO - Found 6 endpoints in section job_publications.
2024-08-02 13:58:39,857 - INFO - Saved endpoint to sections_output\job_publications\###_get__jobpublications_.md
2024-08-02 13:58:39,857 - INFO - Saved endpoint to sections_output\job_publications\###_post__jobpublications_.md
2024-08-02 13:58:39,858 - INFO - Saved endpoint to sections_output\job_publications\###_get__jobpublications_externalidexternalid.md
2024-08-02 13:58:39,858 - INFO - Saved endpoint to sections_output\job_publications\###_get__jobpublications_id.md
2024-08-02 13:58:39,858 - INFO - Saved endpoint to sections_output\job_publications\###_put__jobpublications_id.md
2024-08-02 13:58:39,858 - INFO - Saved endpoint to sections_output\job_publications\###_post__jobpublications_id_delete.md
2024-08-02 13:58:39,859 - INFO - Found 7 endpoints in section job_publication_placements.
2024-08-02 13:58:39,859 - INFO - Saved endpoint to sections_output\job_publication_placements\###_get__jobpublicationplacements_partner_id_placements.md
2024-08-02 13:58:39,859 - INFO - Saved endpoint to sections_output\job_publication_placements\###_post__jobpublicationplacements_partner_id_placements.md
2024-08-02 13:58:39,860 - INFO - Saved endpoint to sections_output\job_publication_placements\###_get__jobpublicationplacements_partner_id_placements_externalidexternalid.md
2024-08-02 13:58:39,860 - INFO - Saved endpoint to sections_output\job_publication_placements\###_get__jobpublicationplacements_partner_id_placements_jobpublicationidjobpublicationid.md
2024-08-02 13:58:39,860 - INFO - Saved endpoint to sections_output\job_publication_placements\###_get__jobpublicationplacements_partner_id_placements_id.md
2024-08-02 13:58:39,860 - INFO - Saved endpoint to sections_output\job_publication_placements\###_put__jobpublicationplacements_partner_id_placements_id.md
2024-08-02 13:58:39,861 - INFO - Saved endpoint to sections_output\job_publication_placements\###_post__jobpublicationplacements_partner_id_placements_id_delete.md
2024-08-02 13:58:39,861 - INFO - Found 2 endpoints in section job_publication_channels.
2024-08-02 13:58:39,861 - INFO - Saved endpoint to sections_output\job_publication_channels\###_get__jobpublicationchannels_id.md
2024-08-02 13:58:39,861 - INFO - Saved endpoint to sections_output\job_publication_channels\###_put__jobpublicationchannels_id.md
2024-08-02 13:58:39,862 - INFO - Found 5 endpoints in section locations.
2024-08-02 13:58:39,862 - INFO - Saved endpoint to sections_output\locations\###_get__locations_.md
2024-08-02 13:58:39,862 - INFO - Saved endpoint to sections_output\locations\###_post__locations_.md
2024-08-02 13:58:39,863 - INFO - Saved endpoint to sections_output\locations\###_get__locations_id.md
2024-08-02 13:58:39,863 - INFO - Saved endpoint to sections_output\locations\###_put__locations_id.md
2024-08-02 13:58:39,864 - INFO - Saved endpoint to sections_output\locations\###_post__locations_id_delete.md
2024-08-02 13:58:39,864 - INFO - Found 6 endpoints in section onboardings.
2024-08-02 13:58:39,864 - INFO - Saved endpoint to sections_output\onboardings\###_get__onboardings_.md
2024-08-02 13:58:39,864 - INFO - Saved endpoint to sections_output\onboardings\###_get__onboardings_id.md
2024-08-02 13:58:39,865 - INFO - Saved endpoint to sections_output\onboardings\###_get__onboardings_id_attachments.md
2024-08-02 13:58:39,865 - INFO - Saved endpoint to sections_output\onboardings\###_get__onboardings_id_attachments_attachmentid.md
2024-08-02 13:58:39,865 - INFO - Saved endpoint to sections_output\onboardings\###_get__onboardings_id_attachments_attachmentid_pdf.md
2024-08-02 13:58:39,866 - INFO - Saved endpoint to sections_output\onboardings\###_post__onboardings_id_delete.md
2024-08-02 13:58:39,866 - INFO - Found 2 endpoints in section organisation_units.
2024-08-02 13:58:39,866 - INFO - Saved endpoint to sections_output\organisation_units\###_get__orgunits_.md
2024-08-02 13:58:39,866 - INFO - Saved endpoint to sections_output\organisation_units\###_get__orgunits_id.md
2024-08-02 13:58:39,867 - INFO - Found 9 endpoints in section persons.
2024-08-02 13:58:39,868 - INFO - Saved endpoint to sections_output\persons\###_get__persons_.md
2024-08-02 13:58:39,868 - INFO - Saved endpoint to sections_output\persons\###_post__persons_.md
2024-08-02 13:58:39,868 - INFO - Saved endpoint to sections_output\persons\###_get__persons_externalidexternalid.md
2024-08-02 13:58:39,869 - INFO - Saved endpoint to sections_output\persons\###_get__persons_id.md
2024-08-02 13:58:39,869 - INFO - Saved endpoint to sections_output\persons\###_put__persons_id.md
2024-08-02 13:58:39,869 - INFO - Saved endpoint to sections_output\persons\###_post__persons_id_delete.md
2024-08-02 13:58:39,869 - INFO - Saved endpoint to sections_output\persons\###_get__persons_id_photo.md
2024-08-02 13:58:39,869 - INFO - Saved endpoint to sections_output\persons\###_post__persons_id_photo.md
2024-08-02 13:58:39,870 - INFO - Saved endpoint to sections_output\persons\###_post__persons_id_photo_delete.md
2024-08-02 13:58:39,870 - INFO - Found 5 endpoints in section users.
2024-08-02 13:58:39,870 - INFO - Saved endpoint to sections_output\users\###_get__dvinciusers_.md
2024-08-02 13:58:39,871 - INFO - Saved endpoint to sections_output\users\###_post__dvinciusers_.md
2024-08-02 13:58:39,871 - INFO - Saved endpoint to sections_output\users\###_get__dvinciusers_id.md
2024-08-02 13:58:39,871 - INFO - Saved endpoint to sections_output\users\###_put__dvinciusers_id.md
2024-08-02 13:58:39,871 - INFO - Saved endpoint to sections_output\users\###_post__dvinciusers_id_delete.md
2024-08-02 13:58:39,872 - INFO - Found 5 endpoints in section user_groups.
2024-08-02 13:58:39,872 - INFO - Saved endpoint to sections_output\user_groups\###_get__usergroups_.md
2024-08-02 13:58:39,872 - INFO - Saved endpoint to sections_output\user_groups\###_post__usergroups_.md
2024-08-02 13:58:39,872 - INFO - Saved endpoint to sections_output\user_groups\###_get__usergroups_id.md
2024-08-02 13:58:39,873 - INFO - Saved endpoint to sections_output\user_groups\###_put__usergroups_id.md
2024-08-02 13:58:39,873 - INFO - Saved endpoint to sections_output\user_groups\###_post__usergroups_id_delete.md
2024-08-02 13:58:39,873 - INFO - All sections and endpoints have been saved successfully.
2024-08-02 13:59:40,187 - INFO - Found 254 sections in the markdown file.
2024-08-02 13:59:40,188 - INFO - Saved section to sections_output\table_of_contents.md
2024-08-02 13:59:40,188 - INFO - Saved section to sections_output\applications.md
2024-08-02 14:00:55,934 - INFO - Found 254 sections in the markdown file.
2024-08-02 14:00:55,934 - INFO - Saved section to sections_output\table_of_contents.md
2024-08-02 14:00:55,935 - INFO - Saved section to sections_output\applications.md
2024-08-02 14:00:55,944 - INFO - Saved section to sections_output\get__applications_.md
2024-08-02 14:00:55,945 - INFO - Saved section to sections_output\request.md
2024-08-02 14:00:55,945 - INFO - Saved section to sections_output\response.md
2024-08-02 14:00:55,945 - INFO - Saved section to sections_output\post__applications_.md
2024-08-02 14:00:55,946 - INFO - Saved section to sections_output\request.md
2024-08-02 14:00:55,946 - INFO - Saved section to sections_output\response.md
2024-08-02 14:00:55,947 - INFO - Saved section to sections_output\get__applications__externalid={externalid}.md
2024-08-02 14:00:55,947 - INFO - Saved section to sections_output\request.md
2024-08-02 14:00:55,947 - INFO - Saved section to sections_output\response.md
2024-08-02 14:00:55,947 - INFO - Saved section to sections_output\get__applications_{id}.md
2024-08-02 14:00:55,947 - INFO - Saved section to sections_output\request.md
2024-08-02 14:00:55,948 - INFO - Saved section to sections_output\response.md
2024-08-02 14:00:55,948 - INFO - Saved section to sections_output\put__applications_{id}.md
2024-08-02 14:00:55,948 - INFO - Saved section to sections_output\request.md
2024-08-02 14:00:55,948 - INFO - Saved section to sections_output\response.md
2024-08-02 14:00:55,948 - INFO - Saved section to sections_output\post__applications_{id}_delete.md
2024-08-02 14:00:55,948 - INFO - Saved section to sections_output\request.md
2024-08-02 14:00:55,949 - INFO - Saved section to sections_output\response.md
2024-08-02 14:00:55,949 - INFO - Saved section to sections_output\post__applications_{id}_statuschange_{statusid}.md
2024-08-02 14:00:55,949 - INFO - Saved section to sections_output\request.md
2024-08-02 14:00:55,949 - INFO - Saved section to sections_output\response.md
2024-08-02 14:00:55,949 - INFO - Saved section to sections_output\post__applications_{id}_jobopeningmove_{jobopeningid}.md
2024-08-02 14:00:55,949 - INFO - Saved section to sections_output\request.md
2024-08-02 14:00:55,950 - INFO - Saved section to sections_output\response.md
2024-08-02 14:00:55,950 - INFO - Saved section to sections_output\get__applications_{id}_attachments.md
2024-08-02 14:00:55,950 - INFO - Saved section to sections_output\request.md
2024-08-02 14:00:55,950 - INFO - Saved section to sections_output\response.md
2024-08-02 14:00:55,950 - INFO - Saved section to sections_output\post__applications_{id}_attachments.md
2024-08-02 14:00:55,950 - INFO - Saved section to sections_output\request.md
2024-08-02 14:00:55,951 - INFO - Saved section to sections_output\response.md
2024-08-02 14:00:55,951 - INFO - Saved section to sections_output\get__applications_{id}_attachments_{attachmentid}.md
2024-08-02 14:00:55,951 - INFO - Saved section to sections_output\request.md
2024-08-02 14:00:55,951 - INFO - Saved section to sections_output\response.md
2024-08-02 14:00:55,951 - INFO - Saved section to sections_output\get__applications_{id}_attachments_{attachmentid}_pdf.md
2024-08-02 14:00:55,951 - INFO - Saved section to sections_output\request.md
2024-08-02 14:00:55,952 - INFO - Saved section to sections_output\response.md
2024-08-02 14:00:55,953 - INFO - Saved section to sections_output\post__applications_{id}_attachments_{attachmentid}_delete.md
2024-08-02 14:00:55,954 - INFO - Saved section to sections_output\request.md
2024-08-02 14:00:55,954 - INFO - Saved section to sections_output\response.md
2024-08-02 14:00:55,954 - INFO - Saved section to sections_output\get__applications_{id}_history.md
2024-08-02 14:00:55,955 - INFO - Saved section to sections_output\request.md
2024-08-02 14:00:55,955 - INFO - Saved section to sections_output\response.md
2024-08-02 14:00:55,956 - INFO - Saved section to sections_output\put__applications_{id}_history.md
2024-08-02 14:00:55,956 - INFO - Saved section to sections_output\request.md
2024-08-02 14:00:55,957 - INFO - Saved section to sections_output\response.md
2024-08-02 14:00:55,957 - INFO - Saved section to sections_output\put__applications_{id}_history_{externalid}.md
2024-08-02 14:00:55,957 - INFO - Saved section to sections_output\request.md
2024-08-02 14:00:55,957 - INFO - Saved section to sections_output\response.md
2024-08-02 14:00:55,958 - INFO - Saved section to sections_output\configuration.md
2024-08-02 14:00:55,958 - INFO - Saved section to sections_output\get__configuration_{type}_externallinks.md
2024-08-02 14:00:55,958 - INFO - Saved section to sections_output\request.md
2024-08-02 14:00:55,958 - INFO - Saved section to sections_output\response.md
2024-08-02 14:00:55,958 - INFO - Saved section to sections_output\put__configuration_{type}_externallinks.md
2024-08-02 14:00:55,959 - INFO - Saved section to sections_output\request.md
2024-08-02 14:00:55,959 - INFO - Saved section to sections_output\response.md
2024-08-02 14:00:55,959 - INFO - Saved section to sections_output\hiring_requests.md
2024-08-02 14:00:55,960 - INFO - Saved section to sections_output\get__hiringrequests_.md
2024-08-02 14:00:55,960 - INFO - Saved section to sections_output\request.md
2024-08-02 14:00:55,960 - INFO - Saved section to sections_output\response.md
2024-08-02 14:00:55,961 - INFO - Saved section to sections_output\post__hiringrequests_.md
2024-08-02 14:00:55,961 - INFO - Saved section to sections_output\request.md
2024-08-02 14:00:55,961 - INFO - Saved section to sections_output\response.md
2024-08-02 14:00:55,962 - INFO - Saved section to sections_output\get__hiringrequests__externalid={externalid}.md
2024-08-02 14:00:55,962 - INFO - Saved section to sections_output\request.md
2024-08-02 14:00:55,962 - INFO - Saved section to sections_output\response.md
2024-08-02 14:00:55,963 - INFO - Saved section to sections_output\get__hiringrequests_{id}.md
2024-08-02 14:00:55,963 - INFO - Saved section to sections_output\request.md
2024-08-02 14:00:55,963 - INFO - Saved section to sections_output\response.md
2024-08-02 14:00:55,964 - INFO - Saved section to sections_output\put__hiringrequests_{id}.md
2024-08-02 14:00:55,964 - INFO - Saved section to sections_output\request.md
2024-08-02 14:00:55,964 - INFO - Saved section to sections_output\response.md
2024-08-02 14:00:55,965 - INFO - Saved section to sections_output\get__hiringrequests_{id}_history.md
2024-08-02 14:00:55,965 - INFO - Saved section to sections_output\request.md
2024-08-02 14:00:55,966 - INFO - Saved section to sections_output\response.md
2024-08-02 14:00:55,966 - INFO - Saved section to sections_output\get__hiringrequests_{id}_approvers.md
2024-08-02 14:00:55,966 - INFO - Saved section to sections_output\request.md
2024-08-02 14:00:55,966 - INFO - Saved section to sections_output\response.md
2024-08-02 14:00:55,967 - INFO - Saved section to sections_output\job_openings.md
2024-08-02 14:00:55,967 - INFO - Saved section to sections_output\get__jobopenings_.md
2024-08-02 14:00:55,967 - INFO - Saved section to sections_output\request.md
2024-08-02 14:00:55,968 - INFO - Saved section to sections_output\response.md
2024-08-02 14:00:55,968 - INFO - Saved section to sections_output\post__jobopenings_.md
2024-08-02 14:00:55,968 - INFO - Saved section to sections_output\request.md
2024-08-02 14:00:55,968 - INFO - Saved section to sections_output\response.md
2024-08-02 14:00:55,969 - INFO - Saved section to sections_output\get__jobopenings__externalid={externalid}.md
2024-08-02 14:00:55,969 - INFO - Saved section to sections_output\request.md
2024-08-02 14:00:55,969 - INFO - Saved section to sections_output\response.md
2024-08-02 14:00:55,969 - INFO - Saved section to sections_output\get__jobopenings_{id}.md
2024-08-02 14:00:55,969 - INFO - Saved section to sections_output\request.md
2024-08-02 14:00:55,970 - INFO - Saved section to sections_output\response.md
2024-08-02 14:00:55,970 - INFO - Saved section to sections_output\put__jobopenings_{id}.md
2024-08-02 14:00:55,970 - INFO - Saved section to sections_output\request.md
2024-08-02 14:00:55,970 - INFO - Saved section to sections_output\response.md
2024-08-02 14:00:55,970 - INFO - Saved section to sections_output\get__jobopenings_{id}_history.md
2024-08-02 14:00:55,970 - INFO - Saved section to sections_output\request.md
2024-08-02 14:00:55,971 - INFO - Saved section to sections_output\response.md
2024-08-02 14:00:55,971 - INFO - Saved section to sections_output\put__jobopenings_{id}_history.md
2024-08-02 14:00:55,971 - INFO - Saved section to sections_output\request.md
2024-08-02 14:00:55,971 - INFO - Saved section to sections_output\response.md
2024-08-02 14:00:55,972 - INFO - Saved section to sections_output\put__jobopenings_{id}_history_{externalid}.md
2024-08-02 14:00:55,972 - INFO - Saved section to sections_output\request.md
2024-08-02 14:00:55,972 - INFO - Saved section to sections_output\response.md
2024-08-02 14:00:55,972 - INFO - Saved section to sections_output\job_publications.md
2024-08-02 14:00:55,973 - INFO - Saved section to sections_output\get__jobpublications_.md
2024-08-02 14:00:55,973 - INFO - Saved section to sections_output\request.md
2024-08-02 14:00:55,973 - INFO - Saved section to sections_output\response.md
2024-08-02 14:00:55,973 - INFO - Saved section to sections_output\post__jobpublications_.md
2024-08-02 14:00:55,973 - INFO - Saved section to sections_output\request.md
2024-08-02 14:00:55,974 - INFO - Saved section to sections_output\response.md
2024-08-02 14:00:55,974 - INFO - Saved section to sections_output\get__jobpublications__externalid={externalid}.md
2024-08-02 14:00:55,974 - INFO - Saved section to sections_output\request.md
2024-08-02 14:00:55,974 - INFO - Saved section to sections_output\response.md
2024-08-02 14:00:55,974 - INFO - Saved section to sections_output\get__jobpublications_{id}.md
2024-08-02 14:00:55,974 - INFO - Saved section to sections_output\request.md
2024-08-02 14:00:55,975 - INFO - Saved section to sections_output\response.md
2024-08-02 14:00:55,975 - INFO - Saved section to sections_output\put__jobpublications_{id}.md
2024-08-02 14:00:55,975 - INFO - Saved section to sections_output\request.md
2024-08-02 14:00:55,975 - INFO - Saved section to sections_output\response.md
2024-08-02 14:00:55,975 - INFO - Saved section to sections_output\post__jobpublications_{id}_delete.md
2024-08-02 14:00:55,975 - INFO - Saved section to sections_output\request.md
2024-08-02 14:00:55,975 - INFO - Saved section to sections_output\response.md
2024-08-02 14:00:55,976 - INFO - Saved section to sections_output\job_publication_placements.md
2024-08-02 14:00:55,976 - INFO - Saved section to sections_output\get__jobpublicationplacements_{partner_id}_placements.md
2024-08-02 14:00:55,976 - INFO - Saved section to sections_output\request.md
2024-08-02 14:00:55,976 - INFO - Saved section to sections_output\response.md
2024-08-02 14:00:55,976 - INFO - Saved section to sections_output\post__jobpublicationplacements_{partner_id}_placements.md
2024-08-02 14:00:55,976 - INFO - Saved section to sections_output\request.md
2024-08-02 14:00:55,977 - INFO - Saved section to sections_output\response.md
2024-08-02 14:00:55,977 - INFO - Saved section to sections_output\get__jobpublicationplacements_{partner_id}_placements__externalid={externalid}.md
2024-08-02 14:00:55,977 - INFO - Saved section to sections_output\request.md
2024-08-02 14:00:55,977 - INFO - Saved section to sections_output\response.md
2024-08-02 14:00:55,977 - INFO - Saved section to sections_output\get__jobpublicationplacements_{partner_id}_placements__jobpublicationid={jobpublicationid}.md
2024-08-02 14:00:55,977 - INFO - Saved section to sections_output\request.md
2024-08-02 14:00:55,977 - INFO - Saved section to sections_output\response.md
2024-08-02 14:00:55,978 - INFO - Saved section to sections_output\get__jobpublicationplacements_{partner_id}_placements_{id}.md
2024-08-02 14:00:55,978 - INFO - Saved section to sections_output\request.md
2024-08-02 14:00:55,978 - INFO - Saved section to sections_output\response.md
2024-08-02 14:00:55,978 - INFO - Saved section to sections_output\put__jobpublicationplacements_{partner_id}_placements_{id}.md
2024-08-02 14:00:55,978 - INFO - Saved section to sections_output\request.md
2024-08-02 14:00:55,980 - INFO - Saved section to sections_output\response.md
2024-08-02 14:00:55,980 - INFO - Saved section to sections_output\post__jobpublicationplacements_{partner_id}_placements_{id}_delete.md
2024-08-02 14:00:55,980 - INFO - Saved section to sections_output\request.md
2024-08-02 14:00:55,980 - INFO - Saved section to sections_output\response.md
2024-08-02 14:00:55,980 - INFO - Saved section to sections_output\job_publication_channels.md
2024-08-02 14:00:55,980 - INFO - Saved section to sections_output\get__jobpublicationchannels_{id}.md
2024-08-02 14:00:55,980 - INFO - Saved section to sections_output\request.md
2024-08-02 14:00:55,980 - INFO - Saved section to sections_output\response.md
2024-08-02 14:00:55,980 - INFO - Saved section to sections_output\put__jobpublicationchannels_{id}.md
2024-08-02 14:00:55,980 - INFO - Saved section to sections_output\request.md
2024-08-02 14:00:55,980 - INFO - Saved section to sections_output\response.md
2024-08-02 14:00:55,982 - INFO - Saved section to sections_output\locations.md
2024-08-02 14:00:55,982 - INFO - Saved section to sections_output\get__locations_.md
2024-08-02 14:00:55,982 - INFO - Saved section to sections_output\request.md
2024-08-02 14:00:55,982 - INFO - Saved section to sections_output\response.md
2024-08-02 14:00:55,982 - INFO - Saved section to sections_output\post__locations_.md
2024-08-02 14:00:55,982 - INFO - Saved section to sections_output\request.md
2024-08-02 14:00:55,983 - INFO - Saved section to sections_output\response.md
2024-08-02 14:00:55,983 - INFO - Saved section to sections_output\get__locations_{id}.md
2024-08-02 14:00:55,983 - INFO - Saved section to sections_output\request.md
2024-08-02 14:00:55,983 - INFO - Saved section to sections_output\response.md
2024-08-02 14:00:55,983 - INFO - Saved section to sections_output\put__locations_{id}.md
2024-08-02 14:00:55,983 - INFO - Saved section to sections_output\request.md
2024-08-02 14:00:55,983 - INFO - Saved section to sections_output\response.md
2024-08-02 14:00:55,984 - INFO - Saved section to sections_output\post__locations_{id}_delete.md
2024-08-02 14:00:55,984 - INFO - Saved section to sections_output\request.md
2024-08-02 14:00:55,984 - INFO - Saved section to sections_output\response.md
2024-08-02 14:00:55,984 - INFO - Saved section to sections_output\onboardings.md
2024-08-02 14:00:55,984 - INFO - Saved section to sections_output\get__onboardings_.md
2024-08-02 14:00:55,984 - INFO - Saved section to sections_output\request.md
2024-08-02 14:00:55,984 - INFO - Saved section to sections_output\response.md
2024-08-02 14:00:55,985 - INFO - Saved section to sections_output\get__onboardings_{id}.md
2024-08-02 14:00:55,985 - INFO - Saved section to sections_output\request.md
2024-08-02 14:00:55,985 - INFO - Saved section to sections_output\response.md
2024-08-02 14:00:55,985 - INFO - Saved section to sections_output\get__onboardings_{id}_attachments.md
2024-08-02 14:00:55,986 - INFO - Saved section to sections_output\request.md
2024-08-02 14:00:55,986 - INFO - Saved section to sections_output\response.md
2024-08-02 14:00:55,986 - INFO - Saved section to sections_output\get__onboardings_{id}_attachments_{attachmentid}.md
2024-08-02 14:00:55,986 - INFO - Saved section to sections_output\request.md
2024-08-02 14:00:55,987 - INFO - Saved section to sections_output\response.md
2024-08-02 14:00:55,987 - INFO - Saved section to sections_output\get__onboardings_{id}_attachments_{attachmentid}_pdf.md
2024-08-02 14:00:55,987 - INFO - Saved section to sections_output\request.md
2024-08-02 14:00:55,988 - INFO - Saved section to sections_output\response.md
2024-08-02 14:00:55,988 - INFO - Saved section to sections_output\post__onboardings_{id}_delete.md
2024-08-02 14:00:55,989 - INFO - Saved section to sections_output\request.md
2024-08-02 14:00:55,990 - INFO - Saved section to sections_output\response.md
2024-08-02 14:00:55,990 - INFO - Saved section to sections_output\organisation_units.md
2024-08-02 14:00:55,990 - INFO - Saved section to sections_output\get__orgunits_.md
2024-08-02 14:00:55,991 - INFO - Saved section to sections_output\request.md
2024-08-02 14:00:55,991 - INFO - Saved section to sections_output\response.md
2024-08-02 14:00:55,991 - INFO - Saved section to sections_output\get__orgunits_{id}.md
2024-08-02 14:00:55,991 - INFO - Saved section to sections_output\request.md
2024-08-02 14:00:55,992 - INFO - Saved section to sections_output\response.md
2024-08-02 14:00:55,992 - INFO - Saved section to sections_output\persons.md
2024-08-02 14:00:55,992 - INFO - Saved section to sections_output\get__persons_.md
2024-08-02 14:00:55,992 - INFO - Saved section to sections_output\request.md
2024-08-02 14:00:55,992 - INFO - Saved section to sections_output\response.md
2024-08-02 14:00:55,992 - INFO - Saved section to sections_output\post__persons_.md
2024-08-02 14:00:55,993 - INFO - Saved section to sections_output\request.md
2024-08-02 14:00:55,993 - INFO - Saved section to sections_output\response.md
2024-08-02 14:00:55,993 - INFO - Saved section to sections_output\get__persons__externalid={externalid}.md
2024-08-02 14:00:55,993 - INFO - Saved section to sections_output\request.md
2024-08-02 14:00:55,993 - INFO - Saved section to sections_output\response.md
2024-08-02 14:00:55,993 - INFO - Saved section to sections_output\get__persons_{id}.md
2024-08-02 14:00:55,994 - INFO - Saved section to sections_output\request.md
2024-08-02 14:00:55,994 - INFO - Saved section to sections_output\response.md
2024-08-02 14:00:55,995 - INFO - Saved section to sections_output\put__persons_{id}.md
2024-08-02 14:00:55,995 - INFO - Saved section to sections_output\request.md
2024-08-02 14:00:55,995 - INFO - Saved section to sections_output\response.md
2024-08-02 14:00:55,995 - INFO - Saved section to sections_output\post__persons_{id}_delete.md
2024-08-02 14:00:55,995 - INFO - Saved section to sections_output\request.md
2024-08-02 14:00:55,995 - INFO - Saved section to sections_output\response.md
2024-08-02 14:00:55,996 - INFO - Saved section to sections_output\get__persons_{id}_photo.md
2024-08-02 14:00:55,996 - INFO - Saved section to sections_output\request.md
2024-08-02 14:00:55,996 - INFO - Saved section to sections_output\response.md
2024-08-02 14:00:55,996 - INFO - Saved section to sections_output\post__persons_{id}_photo.md
2024-08-02 14:00:55,996 - INFO - Saved section to sections_output\request.md
2024-08-02 14:00:55,997 - INFO - Saved section to sections_output\response.md
2024-08-02 14:00:55,997 - INFO - Saved section to sections_output\post__persons_{id}_photo_delete.md
2024-08-02 14:00:55,997 - INFO - Saved section to sections_output\request.md
2024-08-02 14:00:55,997 - INFO - Saved section to sections_output\response.md
2024-08-02 14:00:55,997 - INFO - Saved section to sections_output\users.md
2024-08-02 14:00:55,998 - INFO - Saved section to sections_output\get__dvinciusers_.md
2024-08-02 14:00:55,998 - INFO - Saved section to sections_output\request.md
2024-08-02 14:00:55,998 - INFO - Saved section to sections_output\response.md
2024-08-02 14:00:55,998 - INFO - Saved section to sections_output\post__dvinciusers_.md
2024-08-02 14:00:55,998 - INFO - Saved section to sections_output\request.md
2024-08-02 14:00:55,998 - INFO - Saved section to sections_output\response.md
2024-08-02 14:00:55,999 - INFO - Saved section to sections_output\get__dvinciusers_{id}.md
2024-08-02 14:00:55,999 - INFO - Saved section to sections_output\request.md
2024-08-02 14:00:55,999 - INFO - Saved section to sections_output\response.md
2024-08-02 14:00:55,999 - INFO - Saved section to sections_output\put__dvinciusers_{id}.md
2024-08-02 14:00:55,999 - INFO - Saved section to sections_output\request.md
2024-08-02 14:00:55,999 - INFO - Saved section to sections_output\response.md
2024-08-02 14:00:56,000 - INFO - Saved section to sections_output\post__dvinciusers_{id}_delete.md
2024-08-02 14:00:56,000 - INFO - Saved section to sections_output\request.md
2024-08-02 14:00:56,000 - INFO - Saved section to sections_output\response.md
2024-08-02 14:00:56,000 - INFO - Saved section to sections_output\user_groups.md
2024-08-02 14:00:56,000 - INFO - Saved section to sections_output\get__usergroups_.md
2024-08-02 14:00:56,001 - INFO - Saved section to sections_output\request.md
2024-08-02 14:00:56,001 - INFO - Saved section to sections_output\response.md
2024-08-02 14:00:56,001 - INFO - Saved section to sections_output\post__usergroups_.md
2024-08-02 14:00:56,001 - INFO - Saved section to sections_output\request.md
2024-08-02 14:00:56,001 - INFO - Saved section to sections_output\response.md
2024-08-02 14:00:56,001 - INFO - Saved section to sections_output\get__usergroups_{id}.md
2024-08-02 14:00:56,002 - INFO - Saved section to sections_output\request.md
2024-08-02 14:00:56,002 - INFO - Saved section to sections_output\response.md
2024-08-02 14:00:56,002 - INFO - Saved section to sections_output\put__usergroups_{id}.md
2024-08-02 14:00:56,002 - INFO - Saved section to sections_output\request.md
2024-08-02 14:00:56,002 - INFO - Saved section to sections_output\response.md
2024-08-02 14:00:56,002 - INFO - Saved section to sections_output\post__usergroups_{id}_delete.md
2024-08-02 14:00:56,003 - INFO - Saved section to sections_output\request.md
2024-08-02 14:00:56,003 - INFO - Saved section to sections_output\response.md
2024-08-02 14:00:56,003 - INFO - All sections have been saved successfully.
2024-08-02 14:02:08,105 - INFO - Found 254 sections in the markdown file.
2024-08-02 14:02:08,106 - INFO - Saved section to sections_output\table_of_contents.md
2024-08-02 14:02:08,106 - INFO - Saved section to sections_output\applications.md
2024-08-02 14:02:08,107 - INFO - Saved section to sections_output\get__applications_.md
2024-08-02 14:02:08,107 - INFO - Saved section to sections_output\request.md
2024-08-02 14:02:08,108 - INFO - Saved section to sections_output\response.md
2024-08-02 14:02:08,108 - INFO - Saved section to sections_output\post__applications_.md
2024-08-02 14:02:08,108 - INFO - Saved section to sections_output\request.md
2024-08-02 14:02:08,109 - INFO - Saved section to sections_output\response.md
2024-08-02 14:02:08,109 - INFO - Saved section to sections_output\get__applications__externalid={externalid}.md
2024-08-02 14:02:08,110 - INFO - Saved section to sections_output\request.md
2024-08-02 14:02:08,110 - INFO - Saved section to sections_output\response.md
2024-08-02 14:02:08,110 - INFO - Saved section to sections_output\get__applications_{id}.md
2024-08-02 14:02:08,111 - INFO - Saved section to sections_output\request.md
2024-08-02 14:02:08,111 - INFO - Saved section to sections_output\response.md
2024-08-02 14:02:08,111 - INFO - Saved section to sections_output\put__applications_{id}.md
2024-08-02 14:02:08,111 - INFO - Saved section to sections_output\request.md
2024-08-02 14:02:08,112 - INFO - Saved section to sections_output\response.md
2024-08-02 14:02:08,112 - INFO - Saved section to sections_output\post__applications_{id}_delete.md
2024-08-02 14:02:08,112 - INFO - Saved section to sections_output\request.md
2024-08-02 14:02:08,112 - INFO - Saved section to sections_output\response.md
2024-08-02 14:02:08,113 - INFO - Saved section to sections_output\post__applications_{id}_statuschange_{statusid}.md
2024-08-02 14:02:08,113 - INFO - Saved section to sections_output\request.md
2024-08-02 14:02:08,113 - INFO - Saved section to sections_output\response.md
2024-08-02 14:02:08,114 - INFO - Saved section to sections_output\post__applications_{id}_jobopeningmove_{jobopeningid}.md
2024-08-02 14:02:08,114 - INFO - Saved section to sections_output\request.md
2024-08-02 14:02:08,114 - INFO - Saved section to sections_output\response.md
2024-08-02 14:02:08,114 - INFO - Saved section to sections_output\get__applications_{id}_attachments.md
2024-08-02 14:02:08,115 - INFO - Saved section to sections_output\request.md
2024-08-02 14:02:08,115 - INFO - Saved section to sections_output\response.md
2024-08-02 14:02:08,115 - INFO - Saved section to sections_output\post__applications_{id}_attachments.md
2024-08-02 14:02:08,116 - INFO - Saved section to sections_output\request.md
2024-08-02 14:02:08,116 - INFO - Saved section to sections_output\response.md
2024-08-02 14:02:08,116 - INFO - Saved section to sections_output\get__applications_{id}_attachments_{attachmentid}.md
2024-08-02 14:02:08,116 - INFO - Saved section to sections_output\request.md
2024-08-02 14:02:08,117 - INFO - Saved section to sections_output\response.md
2024-08-02 14:02:08,117 - INFO - Saved section to sections_output\get__applications_{id}_attachments_{attachmentid}_pdf.md
2024-08-02 14:02:08,117 - INFO - Saved section to sections_output\request.md
2024-08-02 14:02:08,118 - INFO - Saved section to sections_output\response.md
2024-08-02 14:02:08,119 - INFO - Saved section to sections_output\post__applications_{id}_attachments_{attachmentid}_delete.md
2024-08-02 14:02:08,119 - INFO - Saved section to sections_output\request.md
2024-08-02 14:02:08,119 - INFO - Saved section to sections_output\response.md
2024-08-02 14:02:08,120 - INFO - Saved section to sections_output\get__applications_{id}_history.md
2024-08-02 14:02:08,120 - INFO - Saved section to sections_output\request.md
2024-08-02 14:02:08,120 - INFO - Saved section to sections_output\response.md
2024-08-02 14:02:08,121 - INFO - Saved section to sections_output\put__applications_{id}_history.md
2024-08-02 14:02:08,121 - INFO - Saved section to sections_output\request.md
2024-08-02 14:02:08,121 - INFO - Saved section to sections_output\response.md
2024-08-02 14:02:08,122 - INFO - Saved section to sections_output\put__applications_{id}_history_{externalid}.md
2024-08-02 14:02:08,122 - INFO - Saved section to sections_output\request.md
2024-08-02 14:02:08,122 - INFO - Saved section to sections_output\response.md
2024-08-02 14:02:08,122 - INFO - Saved section to sections_output\configuration.md
2024-08-02 14:02:08,123 - INFO - Saved section to sections_output\get__configuration_{type}_externallinks.md
2024-08-02 14:02:08,123 - INFO - Saved section to sections_output\request.md
2024-08-02 14:02:08,123 - INFO - Saved section to sections_output\response.md
2024-08-02 14:02:08,123 - INFO - Saved section to sections_output\put__configuration_{type}_externallinks.md
2024-08-02 14:02:08,123 - INFO - Saved section to sections_output\request.md
2024-08-02 14:02:08,123 - INFO - Saved section to sections_output\response.md
2024-08-02 14:02:08,124 - INFO - Saved section to sections_output\hiring_requests.md
2024-08-02 14:02:08,124 - INFO - Saved section to sections_output\get__hiringrequests_.md
2024-08-02 14:02:08,124 - INFO - Saved section to sections_output\request.md
2024-08-02 14:02:08,124 - INFO - Saved section to sections_output\response.md
2024-08-02 14:02:08,124 - INFO - Saved section to sections_output\post__hiringrequests_.md
2024-08-02 14:02:08,125 - INFO - Saved section to sections_output\request.md
2024-08-02 14:02:08,125 - INFO - Saved section to sections_output\response.md
2024-08-02 14:02:08,125 - INFO - Saved section to sections_output\get__hiringrequests__externalid={externalid}.md
2024-08-02 14:02:08,125 - INFO - Saved section to sections_output\request.md
2024-08-02 14:02:08,125 - INFO - Saved section to sections_output\response.md
2024-08-02 14:02:08,125 - INFO - Saved section to sections_output\get__hiringrequests_{id}.md
2024-08-02 14:02:08,125 - INFO - Saved section to sections_output\request.md
2024-08-02 14:02:08,126 - INFO - Saved section to sections_output\response.md
2024-08-02 14:02:08,126 - INFO - Saved section to sections_output\put__hiringrequests_{id}.md
2024-08-02 14:02:08,126 - INFO - Saved section to sections_output\request.md
2024-08-02 14:02:08,126 - INFO - Saved section to sections_output\response.md
2024-08-02 14:02:08,127 - INFO - Saved section to sections_output\get__hiringrequests_{id}_history.md
2024-08-02 14:02:08,127 - INFO - Saved section to sections_output\request.md
2024-08-02 14:02:08,127 - INFO - Saved section to sections_output\response.md
2024-08-02 14:02:08,128 - INFO - Saved section to sections_output\get__hiringrequests_{id}_approvers.md
2024-08-02 14:02:08,128 - INFO - Saved section to sections_output\request.md
2024-08-02 14:02:08,129 - INFO - Saved section to sections_output\response.md
2024-08-02 14:02:08,129 - INFO - Saved section to sections_output\job_openings.md
2024-08-02 14:02:08,130 - INFO - Saved section to sections_output\get__jobopenings_.md
2024-08-02 14:02:08,130 - INFO - Saved section to sections_output\request.md
2024-08-02 14:02:08,130 - INFO - Saved section to sections_output\response.md
2024-08-02 14:02:08,130 - INFO - Saved section to sections_output\post__jobopenings_.md
2024-08-02 14:02:08,131 - INFO - Saved section to sections_output\request.md
2024-08-02 14:02:08,131 - INFO - Saved section to sections_output\response.md
2024-08-02 14:02:08,131 - INFO - Saved section to sections_output\get__jobopenings__externalid={externalid}.md
2024-08-02 14:02:08,131 - INFO - Saved section to sections_output\request.md
2024-08-02 14:02:08,131 - INFO - Saved section to sections_output\response.md
2024-08-02 14:02:08,131 - INFO - Saved section to sections_output\get__jobopenings_{id}.md
2024-08-02 14:02:08,132 - INFO - Saved section to sections_output\request.md
2024-08-02 14:02:08,132 - INFO - Saved section to sections_output\response.md
2024-08-02 14:02:08,132 - INFO - Saved section to sections_output\put__jobopenings_{id}.md
2024-08-02 14:02:08,132 - INFO - Saved section to sections_output\request.md
2024-08-02 14:02:08,132 - INFO - Saved section to sections_output\response.md
2024-08-02 14:02:08,132 - INFO - Saved section to sections_output\get__jobopenings_{id}_history.md
2024-08-02 14:02:08,133 - INFO - Saved section to sections_output\request.md
2024-08-02 14:02:08,133 - INFO - Saved section to sections_output\response.md
2024-08-02 14:02:08,133 - INFO - Saved section to sections_output\put__jobopenings_{id}_history.md
2024-08-02 14:02:08,133 - INFO - Saved section to sections_output\request.md
2024-08-02 14:02:08,133 - INFO - Saved section to sections_output\response.md
2024-08-02 14:02:08,135 - INFO - Saved section to sections_output\put__jobopenings_{id}_history_{externalid}.md
2024-08-02 14:02:08,135 - INFO - Saved section to sections_output\request.md
2024-08-02 14:02:08,135 - INFO - Saved section to sections_output\response.md
2024-08-02 14:02:08,136 - INFO - Saved section to sections_output\job_publications.md
2024-08-02 14:02:08,136 - INFO - Saved section to sections_output\get__jobpublications_.md
2024-08-02 14:02:08,137 - INFO - Saved section to sections_output\request.md
2024-08-02 14:02:08,137 - INFO - Saved section to sections_output\response.md
2024-08-02 14:02:08,138 - INFO - Saved section to sections_output\post__jobpublications_.md
2024-08-02 14:02:08,139 - INFO - Saved section to sections_output\request.md
2024-08-02 14:02:08,139 - INFO - Saved section to sections_output\response.md
2024-08-02 14:02:08,139 - INFO - Saved section to sections_output\get__jobpublications__externalid={externalid}.md
2024-08-02 14:02:08,139 - INFO - Saved section to sections_output\request.md
2024-08-02 14:02:08,139 - INFO - Saved section to sections_output\response.md
2024-08-02 14:02:08,140 - INFO - Saved section to sections_output\get__jobpublications_{id}.md
2024-08-02 14:02:08,140 - INFO - Saved section to sections_output\request.md
2024-08-02 14:02:08,140 - INFO - Saved section to sections_output\response.md
2024-08-02 14:02:08,140 - INFO - Saved section to sections_output\put__jobpublications_{id}.md
2024-08-02 14:02:08,140 - INFO - Saved section to sections_output\request.md
2024-08-02 14:02:08,141 - INFO - Saved section to sections_output\response.md
2024-08-02 14:02:08,141 - INFO - Saved section to sections_output\post__jobpublications_{id}_delete.md
2024-08-02 14:02:08,141 - INFO - Saved section to sections_output\request.md
2024-08-02 14:02:08,141 - INFO - Saved section to sections_output\response.md
2024-08-02 14:02:08,142 - INFO - Saved section to sections_output\job_publication_placements.md
2024-08-02 14:02:08,142 - INFO - Saved section to sections_output\get__jobpublicationplacements_{partner_id}_placements.md
2024-08-02 14:02:08,142 - INFO - Saved section to sections_output\request.md
2024-08-02 14:02:08,142 - INFO - Saved section to sections_output\response.md
2024-08-02 14:02:08,142 - INFO - Saved section to sections_output\post__jobpublicationplacements_{partner_id}_placements.md
2024-08-02 14:02:08,143 - INFO - Saved section to sections_output\request.md
2024-08-02 14:02:08,143 - INFO - Saved section to sections_output\response.md
2024-08-02 14:02:08,143 - INFO - Saved section to sections_output\get__jobpublicationplacements_{partner_id}_placements__externalid={externalid}.md
2024-08-02 14:02:08,143 - INFO - Saved section to sections_output\request.md
2024-08-02 14:02:08,143 - INFO - Saved section to sections_output\response.md
2024-08-02 14:02:08,143 - INFO - Saved section to sections_output\get__jobpublicationplacements_{partner_id}_placements__jobpublicationid={jobpublicationid}.md
2024-08-02 14:02:08,144 - INFO - Saved section to sections_output\request.md
2024-08-02 14:02:08,144 - INFO - Saved section to sections_output\response.md
2024-08-02 14:02:08,144 - INFO - Saved section to sections_output\get__jobpublicationplacements_{partner_id}_placements_{id}.md
2024-08-02 14:02:08,144 - INFO - Saved section to sections_output\request.md
2024-08-02 14:02:08,144 - INFO - Saved section to sections_output\response.md
2024-08-02 14:02:08,144 - INFO - Saved section to sections_output\put__jobpublicationplacements_{partner_id}_placements_{id}.md
2024-08-02 14:02:08,145 - INFO - Saved section to sections_output\request.md
2024-08-02 14:02:08,145 - INFO - Saved section to sections_output\response.md
2024-08-02 14:02:08,146 - INFO - Saved section to sections_output\post__jobpublicationplacements_{partner_id}_placements_{id}_delete.md
2024-08-02 14:02:08,146 - INFO - Saved section to sections_output\request.md
2024-08-02 14:02:08,146 - INFO - Saved section to sections_output\response.md
2024-08-02 14:02:08,147 - INFO - Saved section to sections_output\job_publication_channels.md
2024-08-02 14:02:08,147 - INFO - Saved section to sections_output\get__jobpublicationchannels_{id}.md
2024-08-02 14:02:08,148 - INFO - Saved section to sections_output\request.md
2024-08-02 14:02:08,148 - INFO - Saved section to sections_output\response.md
2024-08-02 14:02:08,148 - INFO - Saved section to sections_output\put__jobpublicationchannels_{id}.md
2024-08-02 14:02:08,149 - INFO - Saved section to sections_output\request.md
2024-08-02 14:02:08,149 - INFO - Saved section to sections_output\response.md
2024-08-02 14:02:08,149 - INFO - Saved section to sections_output\locations.md
2024-08-02 14:02:08,150 - INFO - Saved section to sections_output\get__locations_.md
2024-08-02 14:02:08,150 - INFO - Saved section to sections_output\request.md
2024-08-02 14:02:08,150 - INFO - Saved section to sections_output\response.md
2024-08-02 14:02:08,151 - INFO - Saved section to sections_output\post__locations_.md
2024-08-02 14:02:08,151 - INFO - Saved section to sections_output\request.md
2024-08-02 14:02:08,151 - INFO - Saved section to sections_output\response.md
2024-08-02 14:02:08,151 - INFO - Saved section to sections_output\get__locations_{id}.md
2024-08-02 14:02:08,152 - INFO - Saved section to sections_output\request.md
2024-08-02 14:02:08,152 - INFO - Saved section to sections_output\response.md
2024-08-02 14:02:08,153 - INFO - Saved section to sections_output\put__locations_{id}.md
2024-08-02 14:02:08,153 - INFO - Saved section to sections_output\request.md
2024-08-02 14:02:08,154 - INFO - Saved section to sections_output\response.md
2024-08-02 14:02:08,154 - INFO - Saved section to sections_output\post__locations_{id}_delete.md
2024-08-02 14:02:08,154 - INFO - Saved section to sections_output\request.md
2024-08-02 14:02:08,155 - INFO - Saved section to sections_output\response.md
2024-08-02 14:02:08,155 - INFO - Saved section to sections_output\onboardings.md
2024-08-02 14:02:08,155 - INFO - Saved section to sections_output\get__onboardings_.md
2024-08-02 14:02:08,156 - INFO - Saved section to sections_output\request.md
2024-08-02 14:02:08,156 - INFO - Saved section to sections_output\response.md
2024-08-02 14:02:08,156 - INFO - Saved section to sections_output\get__onboardings_{id}.md
2024-08-02 14:02:08,157 - INFO - Saved section to sections_output\request.md
2024-08-02 14:02:08,157 - INFO - Saved section to sections_output\response.md
2024-08-02 14:02:08,157 - INFO - Saved section to sections_output\get__onboardings_{id}_attachments.md
2024-08-02 14:02:08,158 - INFO - Saved section to sections_output\request.md
2024-08-02 14:02:08,158 - INFO - Saved section to sections_output\response.md
2024-08-02 14:02:08,158 - INFO - Saved section to sections_output\get__onboardings_{id}_attachments_{attachmentid}.md
2024-08-02 14:02:08,159 - INFO - Saved section to sections_output\request.md
2024-08-02 14:02:08,159 - INFO - Saved section to sections_output\response.md
2024-08-02 14:02:08,159 - INFO - Saved section to sections_output\get__onboardings_{id}_attachments_{attachmentid}_pdf.md
2024-08-02 14:02:08,159 - INFO - Saved section to sections_output\request.md
2024-08-02 14:02:08,160 - INFO - Saved section to sections_output\response.md
2024-08-02 14:02:08,160 - INFO - Saved section to sections_output\post__onboardings_{id}_delete.md
2024-08-02 14:02:08,160 - INFO - Saved section to sections_output\request.md
2024-08-02 14:02:08,160 - INFO - Saved section to sections_output\response.md
2024-08-02 14:02:08,160 - INFO - Saved section to sections_output\organisation_units.md
2024-08-02 14:02:08,161 - INFO - Saved section to sections_output\get__orgunits_.md
2024-08-02 14:02:08,161 - INFO - Saved section to sections_output\request.md
2024-08-02 14:02:08,161 - INFO - Saved section to sections_output\response.md
2024-08-02 14:02:08,161 - INFO - Saved section to sections_output\get__orgunits_{id}.md
2024-08-02 14:02:08,161 - INFO - Saved section to sections_output\request.md
2024-08-02 14:02:08,161 - INFO - Saved section to sections_output\response.md
2024-08-02 14:02:08,162 - INFO - Saved section to sections_output\persons.md
2024-08-02 14:02:08,162 - INFO - Saved section to sections_output\get__persons_.md
2024-08-02 14:02:08,162 - INFO - Saved section to sections_output\request.md
2024-08-02 14:02:08,162 - INFO - Saved section to sections_output\response.md
2024-08-02 14:02:08,162 - INFO - Saved section to sections_output\post__persons_.md
2024-08-02 14:02:08,163 - INFO - Saved section to sections_output\request.md
2024-08-02 14:02:08,163 - INFO - Saved section to sections_output\response.md
2024-08-02 14:02:08,163 - INFO - Saved section to sections_output\get__persons__externalid={externalid}.md
2024-08-02 14:02:08,163 - INFO - Saved section to sections_output\request.md
2024-08-02 14:02:08,163 - INFO - Saved section to sections_output\response.md
2024-08-02 14:02:08,163 - INFO - Saved section to sections_output\get__persons_{id}.md
2024-08-02 14:02:08,163 - INFO - Saved section to sections_output\request.md
2024-08-02 14:02:08,164 - INFO - Saved section to sections_output\response.md
2024-08-02 14:02:08,164 - INFO - Saved section to sections_output\put__persons_{id}.md
2024-08-02 14:02:08,164 - INFO - Saved section to sections_output\request.md
2024-08-02 14:02:08,164 - INFO - Saved section to sections_output\response.md
2024-08-02 14:02:08,164 - INFO - Saved section to sections_output\post__persons_{id}_delete.md
2024-08-02 14:02:08,165 - INFO - Saved section to sections_output\request.md
2024-08-02 14:02:08,165 - INFO - Saved section to sections_output\response.md
2024-08-02 14:02:08,165 - INFO - Saved section to sections_output\get__persons_{id}_photo.md
2024-08-02 14:02:08,165 - INFO - Saved section to sections_output\request.md
2024-08-02 14:02:08,166 - INFO - Saved section to sections_output\response.md
2024-08-02 14:02:08,166 - INFO - Saved section to sections_output\post__persons_{id}_photo.md
2024-08-02 14:02:08,166 - INFO - Saved section to sections_output\request.md
2024-08-02 14:02:08,166 - INFO - Saved section to sections_output\response.md
2024-08-02 14:02:08,166 - INFO - Saved section to sections_output\post__persons_{id}_photo_delete.md
2024-08-02 14:02:08,167 - INFO - Saved section to sections_output\request.md
2024-08-02 14:02:08,167 - INFO - Saved section to sections_output\response.md
2024-08-02 14:02:08,167 - INFO - Saved section to sections_output\users.md
2024-08-02 14:02:08,168 - INFO - Saved section to sections_output\get__dvinciusers_.md
2024-08-02 14:02:08,168 - INFO - Saved section to sections_output\request.md
2024-08-02 14:02:08,168 - INFO - Saved section to sections_output\response.md
2024-08-02 14:02:08,168 - INFO - Saved section to sections_output\post__dvinciusers_.md
2024-08-02 14:02:08,168 - INFO - Saved section to sections_output\request.md
2024-08-02 14:02:08,169 - INFO - Saved section to sections_output\response.md
2024-08-02 14:02:08,169 - INFO - Saved section to sections_output\get__dvinciusers_{id}.md
2024-08-02 14:02:08,169 - INFO - Saved section to sections_output\request.md
2024-08-02 14:02:08,169 - INFO - Saved section to sections_output\response.md
2024-08-02 14:02:08,169 - INFO - Saved section to sections_output\put__dvinciusers_{id}.md
2024-08-02 14:02:08,169 - INFO - Saved section to sections_output\request.md
2024-08-02 14:02:08,170 - INFO - Saved section to sections_output\response.md
2024-08-02 14:02:08,170 - INFO - Saved section to sections_output\post__dvinciusers_{id}_delete.md
2024-08-02 14:02:08,170 - INFO - Saved section to sections_output\request.md
2024-08-02 14:02:08,171 - INFO - Saved section to sections_output\response.md
2024-08-02 14:02:08,171 - INFO - Saved section to sections_output\user_groups.md
2024-08-02 14:02:08,171 - INFO - Saved section to sections_output\get__usergroups_.md
2024-08-02 14:02:08,172 - INFO - Saved section to sections_output\request.md
2024-08-02 14:02:08,172 - INFO - Saved section to sections_output\response.md
2024-08-02 14:02:08,172 - INFO - Saved section to sections_output\post__usergroups_.md
2024-08-02 14:02:08,173 - INFO - Saved section to sections_output\request.md
2024-08-02 14:02:08,173 - INFO - Saved section to sections_output\response.md
2024-08-02 14:02:08,173 - INFO - Saved section to sections_output\get__usergroups_{id}.md
2024-08-02 14:02:08,174 - INFO - Saved section to sections_output\request.md
2024-08-02 14:02:08,174 - INFO - Saved section to sections_output\response.md
2024-08-02 14:02:08,174 - INFO - Saved section to sections_output\put__usergroups_{id}.md
2024-08-02 14:02:08,174 - INFO - Saved section to sections_output\request.md
2024-08-02 14:02:08,175 - INFO - Saved section to sections_output\response.md
2024-08-02 14:02:08,175 - INFO - Saved section to sections_output\post__usergroups_{id}_delete.md
2024-08-02 14:02:08,175 - INFO - Saved section to sections_output\request.md
2024-08-02 14:02:08,175 - INFO - Saved section to sections_output\response.md
2024-08-02 14:02:08,176 - INFO - All sections have been saved successfully.
